<?xml version="1.0" encoding="UTF-8"?>
<!-- Generated by org.testng.reporters.JUnitXMLReporter -->
<testsuite ignored="1" hostname="ISCHLAPHP20437" failures="0" tests="3" name="ContactsTest" time="20.907" errors="0" timestamp="2022-12-12T17:42:11 IST">
  <testcase classname="com.tests.Orangehrm" name="login" time="13.036"/>
  <testcase classname="com.tests.Orangehrm" name="navigateToContacts" time="1.498"/>
  <testcase classname="com.tests.Orangehrm" name="checkContacts" time="0.096"/>
  <testcase classname="com.tests.Orangehrm" name="verifyLogin" time="0.0">
    <ignored/>
  </testcase> <!-- verifyLogin -->
</testsuite> <!-- ContactsTest -->
