<?xml version="1.0" encoding="UTF-8"?>
<!-- Generated by org.testng.reporters.JUnitXMLReporter -->
<testsuite ignored="2" hostname="ISCHLAPHP20437" failures="0" tests="2" name="LoginTest" time="21.25" errors="0" timestamp="2022-12-12T17:41:50 IST">
  <testcase classname="com.tests.Orangehrm" name="login" time="12.954"/>
  <testcase classname="com.tests.Orangehrm" name="verifyLogin" time="0.129"/>
  <testcase classname="com.tests.Orangehrm" name="checkContacts" time="0.0">
    <ignored/>
  </testcase> <!-- checkContacts -->
  <testcase classname="com.tests.Orangehrm" name="navigateToContacts" time="0.0">
    <ignored/>
  </testcase> <!-- navigateToContacts -->
</testsuite> <!-- LoginTest -->
