<?xml version="1.0" encoding="UTF-8"?>
<!-- Generated by org.testng.reporters.JUnitXMLReporter -->
<testsuite ignored="0" hostname="ISCHLAPHP20437" failures="0" tests="3" name="Test_2" time="0.016" errors="0" timestamp="2022-12-01T18:23:53 IST">
  <testcase classname="com.tests.Parallel_Testing.TestClass2" name="testMethod5" time="0.001"/>
  <testcase classname="com.tests.Parallel_Testing.TestClass2" name="testMethod6" time="0.002"/>
  <testcase classname="com.tests.Parallel_Testing.TestClass2" name="testMethod7" time="0.002"/>
</testsuite> <!-- Test_2 -->
