<?xml version="1.0" encoding="UTF-8"?>
<!-- Generated by org.testng.reporters.JUnitXMLReporter -->
<testsuite ignored="0" hostname="ISCHLAPHP20437" failures="0" tests="4" name="Test_3" time="0.02" errors="0" timestamp="2022-12-01T18:23:53 IST">
  <testcase classname="com.tests.Parallel_Testing.TestClass3" name="testMethod10" time="0.001"/>
  <testcase classname="com.tests.Parallel_Testing.TestClass3" name="testMethod11" time="0.002"/>
  <testcase classname="com.tests.Parallel_Testing.TestClass3" name="testMethod8" time="0.003"/>
  <testcase classname="com.tests.Parallel_Testing.TestClass3" name="testMethod9" time="0.003"/>
</testsuite> <!-- Test_3 -->
