<?xml version="1.0" encoding="UTF-8"?>
<!-- Generated by org.testng.reporters.JUnitXMLReporter -->
<testsuite ignored="0" hostname="ISCHLAPHP20437" failures="0" tests="4" name="Test_1" time="0.086" errors="0" timestamp="2022-12-01T18:23:53 IST">
  <testcase classname="com.tests.Parallel_Testing.TestClass1" name="testMethod1" time="0.016"/>
  <testcase classname="com.tests.Parallel_Testing.TestClass1" name="testMethod2" time="0.002"/>
  <testcase classname="com.tests.Parallel_Testing.TestClass1" name="testMethod3" time="0.002"/>
  <testcase classname="com.tests.Parallel_Testing.TestClass1" name="testMethod4" time="0.002"/>
</testsuite> <!-- Test_1 -->
