<?xml version="1.0" encoding="UTF-8"?>
<!-- Generated by org.testng.reporters.JUnitXMLReporter -->
<testsuite ignored="0" hostname="ISCHLAPHP20437" failures="0" tests="11" name="Test" time="0.134" errors="0" timestamp="2022-12-01T18:37:11 IST">
  <testcase classname="com.tests.Parallel_Testing.TestClass1" name="testMethod2" time="0.024"/>
  <testcase classname="com.tests.Parallel_Testing.TestClass1" name="testMethod1" time="0.024"/>
  <testcase classname="com.tests.Parallel_Testing.TestClass1" name="testMethod3" time="0.003"/>
  <testcase classname="com.tests.Parallel_Testing.TestClass1" name="testMethod4" time="0.004"/>
  <testcase classname="com.tests.Parallel_Testing.TestClass3" name="testMethod10" time="0.003"/>
  <testcase classname="com.tests.Parallel_Testing.TestClass3" name="testMethod11" time="0.005"/>
  <testcase classname="com.tests.Parallel_Testing.TestClass3" name="testMethod8" time="0.006"/>
  <testcase classname="com.tests.Parallel_Testing.TestClass3" name="testMethod9" time="0.005"/>
  <testcase classname="com.tests.Parallel_Testing.TestClass2" name="testMethod5" time="0.002"/>
  <testcase classname="com.tests.Parallel_Testing.TestClass2" name="testMethod6" time="0.003"/>
  <testcase classname="com.tests.Parallel_Testing.TestClass2" name="testMethod7" time="0.003"/>
</testsuite> <!-- Test -->
