<?xml version="1.0" encoding="UTF-8"?>
<testng-results ignored="0" total="1" passed="1" failed="0" skipped="0">
  <reporter-output>
  </reporter-output>
  <suite started-at="2022-11-21T16:13:54 IST" name="Default suite" finished-at="2022-11-21T16:13:54 IST" duration-ms="60">
    <groups>
    </groups>
    <test started-at="2022-11-21T16:13:54 IST" name="Default test" finished-at="2022-11-21T16:13:54 IST" duration-ms="60">
      <class name="com.Shashank_inn.Sample">
        <test-method signature="foo()[pri:0, instance:com.Shashank_inn.Sample@4f6ee6e4]" started-at="2022-11-21T16:13:54 IST" name="foo" finished-at="2022-11-21T16:13:54 IST" duration-ms="11" status="PASS">
          <reporter-output>
          </reporter-output>
        </test-method> <!-- foo -->
      </class> <!-- com.Shashank_inn.Sample -->
    </test> <!-- Default test -->
  </suite> <!-- Default suite -->
</testng-results>
